This is e-pTeX, Version 3.141592653-p3.9.0-210218-2.6 (utf8.euc) (TeX Live 2021) (preloaded format=platex 2021.6.18)  30 JUN 2021 16:37
entering extended mode
 restricted \write18 enabled.
 file:line:error style messages enabled.
 %&-line parsing enabled.
**/Users/kuanyi/ghq/github.com/kuanyi-ng/rv32i-processor/doc/latex/sections/specifications/control_hazard.tex
(/Users/kuanyi/ghq/github.com/kuanyi-ng/rv32i-processor/doc/latex/sections/specifications/control_hazard.tex
pLaTeX2e <2021-06-01>+1 (based on LaTeX2e <2021-06-01> patch level 1)
L3 programming layer <2021-06-01> (/usr/local/texlive/2021/texmf-dist/tex/latex/subfiles/subfiles.cls
Document Class: subfiles 2020/11/14 v2.2 Multi-file projects (class)
Preamble taken from file `../specifications.tex'
(/usr/local/texlive/2021/texmf-dist/tex/latex/import/import.sty
Package: import 2020/04/01  v 6.2
) (../specifications.tex

../specifications.tex:2: LaTeX Error: Option clash for document class subfiles.

See the LaTeX manual or LaTeX Companion for explanation.
Type  H <return>  for immediate help.
 ...                                              
                                                  
l.2 
     
Here is how much of TeX's memory you used:
 73 strings out of 478963
 1835 string characters out of 5861398
 303279 words of memory out of 5000000
 18362 multiletter control sequences out of 15000+600000
 407301 words of font info for 44 fonts, out of 8000000 for 9000
 929 hyphenation exceptions out of 8191
 42i,0n,52p,241b,18s stack positions out of 5000i,500n,10000p,200000b,80000s

No pages of output.
